<?xml version="1.0" encoding="UTF-8"?>
<testng-results ignored="0" total="1" passed="1" failed="0" skipped="0">
  <reporter-output>
  </reporter-output>
  <suite started-at="2023-07-17T13:09:46 EDT" name="Default suite" finished-at="2023-07-17T13:09:47 EDT" duration-ms="1496">
    <groups>
    </groups>
    <test started-at="2023-07-17T13:09:46 EDT" name="Default test" finished-at="2023-07-17T13:09:47 EDT" duration-ms="1496">
      <class name="tests.JsonSchemaValidator">
        <test-method signature="testGet()[pri:0, instance:tests.JsonSchemaValidator@611889f4]" started-at="2023-07-17T13:09:46 EDT" name="testGet" finished-at="2023-07-17T13:09:47 EDT" duration-ms="1462" status="PASS">
          <reporter-output>
          </reporter-output>
        </test-method> <!-- testGet -->
      </class> <!-- tests.JsonSchemaValidator -->
    </test> <!-- Default test -->
  </suite> <!-- Default suite -->
</testng-results>
